# JRE version: Java(TM) SE Runtime Environment (8.0_111-b14) (build 1.8.0_111-b14)
# Java VM: Java HotSpot(TM) 64-Bit Server VM (25.111-b14 mixed mode windows-amd64 compressed oops)
Heap:
 PSYoungGen      total 38400K, used 1732K [0x00000000d5980000, 0x00000000d8400000, 0x0000000100000000)
  eden space 33280K, 5% used [0x00000000d5980000,0x00000000d5b31278,0x00000000d7a00000)
  from space 5120K, 0% used [0x00000000d7a00000,0x00000000d7a00000,0x00000000d7f00000)
  to   space 5120K, 0% used [0x00000000d7f00000,0x00000000d7f00000,0x00000000d8400000)
 ParOldGen       total 131584K, used 11555K [0x0000000080c00000, 0x0000000088c80000, 0x00000000d5980000)
  object space 131584K, 8% used [0x0000000080c00000,0x0000000081748e80,0x0000000088c80000)
 Metaspace       used 20924K, capacity 21168K, committed 21504K, reserved 1071104K
  class space    used 2480K, capacity 2552K, committed 2560K, reserved 1048576K
GC Heap History (10 events):
Event: 0.468 GC heap before
{Heap before GC invocations=1 (full 0):
 PSYoungGen      total 38400K, used 6657K [0x00000000d5980000, 0x00000000d8400000, 0x0000000100000000)
  eden space 33280K, 20% used [0x00000000d5980000,0x00000000d60006c0,0x00000000d7a00000)
  from space 5120K, 0% used [0x00000000d7f00000,0x00000000d7f00000,0x00000000d8400000)
  to   space 5120K, 0% used [0x00000000d7a00000,0x00000000d7a00000,0x00000000d7f00000)
 ParOldGen       total 87552K, used 0K [0x0000000080c00000, 0x0000000086180000, 0x00000000d5980000)
  object space 87552K, 0% used [0x0000000080c00000,0x0000000080c00000,0x0000000086180000)
 Metaspace       used 9560K, capacity 9752K, committed 9856K, reserved 1064960K
  class space    used 1220K, capacity 1314K, committed 1408K, reserved 1048576K
Event: 0.472 GC heap after
Heap after GC invocations=1 (full 0):
 PSYoungGen      total 38400K, used 1856K [0x00000000d5980000, 0x00000000d8400000, 0x0000000100000000)
  eden space 33280K, 0% used [0x00000000d5980000,0x00000000d5980000,0x00000000d7a00000)
  from space 5120K, 36% used [0x00000000d7a00000,0x00000000d7bd0000,0x00000000d7f00000)
  to   space 5120K, 0% used [0x00000000d7f00000,0x00000000d7f00000,0x00000000d8400000)
 ParOldGen       total 87552K, used 8K [0x0000000080c00000, 0x0000000086180000, 0x00000000d5980000)
  object space 87552K, 0% used [0x0000000080c00000,0x0000000080c02000,0x0000000086180000)
 Metaspace       used 9560K, capacity 9752K, committed 9856K, reserved 1064960K
  class space    used 1220K, capacity 1314K, committed 1408K, reserved 1048576K
}
Event: 0.472 GC heap before
{Heap before GC invocations=2 (full 1):
 PSYoungGen      total 38400K, used 1856K [0x00000000d5980000, 0x00000000d8400000, 0x0000000100000000)
  eden space 33280K, 0% used [0x00000000d5980000,0x00000000d5980000,0x00000000d7a00000)
  from space 5120K, 36% used [0x00000000d7a00000,0x00000000d7bd0000,0x00000000d7f00000)
  to   space 5120K, 0% used [0x00000000d7f00000,0x00000000d7f00000,0x00000000d8400000)
 ParOldGen       total 87552K, used 8K [0x0000000080c00000, 0x0000000086180000, 0x00000000d5980000)
  object space 87552K, 0% used [0x0000000080c00000,0x0000000080c02000,0x0000000086180000)
 Metaspace       used 9560K, capacity 9752K, committed 9856K, reserved 1064960K
  class space    used 1220K, capacity 1314K, committed 1408K, reserved 1048576K
Event: 0.487 GC heap after
Heap after GC invocations=2 (full 1):
 PSYoungGen      total 38400K, used 0K [0x00000000d5980000, 0x00000000d8400000, 0x0000000100000000)
  eden space 33280K, 0% used [0x00000000d5980000,0x00000000d5980000,0x00000000d7a00000)
  from space 5120K, 0% used [0x00000000d7a00000,0x00000000d7a00000,0x00000000d7f00000)
  to   space 5120K, 0% used [0x00000000d7f00000,0x00000000d7f00000,0x00000000d8400000)
 ParOldGen       total 61952K, used 1754K [0x0000000080c00000, 0x0000000084880000, 0x00000000d5980000)
  object space 61952K, 2% used [0x0000000080c00000,0x0000000080db6b48,0x0000000084880000)
 Metaspace       used 9560K, capacity 9752K, committed 9856K, reserved 1060864K
  class space    used 1220K, capacity 1314K, committed 1408K, reserved 1048576K
}
Event: 14.086 GC heap before
{Heap before GC invocations=3 (full 1):
 PSYoungGen      total 38400K, used 33280K [0x00000000d5980000, 0x00000000d8400000, 0x0000000100000000)
  eden space 33280K, 100% used [0x00000000d5980000,0x00000000d7a00000,0x00000000d7a00000)
  from space 5120K, 0% used [0x00000000d7a00000,0x00000000d7a00000,0x00000000d7f00000)
  to   space 5120K, 0% used [0x00000000d7f00000,0x00000000d7f00000,0x00000000d8400000)
 ParOldGen       total 61952K, used 1754K [0x0000000080c00000, 0x0000000084880000, 0x00000000d5980000)
  object space 61952K, 2% used [0x0000000080c00000,0x0000000080db6b48,0x0000000084880000)
 Metaspace       used 19104K, capacity 19328K, committed 19584K, reserved 1069056K
  class space    used 2263K, capacity 2346K, committed 2432K, reserved 1048576K
Event: 14.094 GC heap after
Heap after GC invocations=3 (full 1):
 PSYoungGen      total 38400K, used 5097K [0x00000000d5980000, 0x00000000d8800000, 0x0000000100000000)
  eden space 33280K, 0% used [0x00000000d5980000,0x00000000d5980000,0x00000000d7a00000)
  from space 5120K, 99% used [0x00000000d7f00000,0x00000000d83fa5b0,0x00000000d8400000)
  to   space 5120K, 0% used [0x00000000d7a00000,0x00000000d7a00000,0x00000000d7f00000)
 ParOldGen       total 61952K, used 10120K [0x0000000080c00000, 0x0000000084880000, 0x00000000d5980000)
  object space 61952K, 16% used [0x0000000080c00000,0x00000000815e2308,0x0000000084880000)
 Metaspace       used 19104K, capacity 19328K, committed 19584K, reserved 1069056K
  class space    used 2263K, capacity 2346K, committed 2432K, reserved 1048576K
}
Event: 21.001 GC heap before
{Heap before GC invocations=4 (full 1):
 PSYoungGen      total 38400K, used 17106K [0x00000000d5980000, 0x00000000d8800000, 0x0000000100000000)
  eden space 33280K, 36% used [0x00000000d5980000,0x00000000d653a2e0,0x00000000d7a00000)
  from space 5120K, 99% used [0x00000000d7f00000,0x00000000d83fa5b0,0x00000000d8400000)
  to   space 5120K, 0% used [0x00000000d7a00000,0x00000000d7a00000,0x00000000d7f00000)
 ParOldGen       total 61952K, used 10120K [0x0000000080c00000, 0x0000000084880000, 0x00000000d5980000)
  object space 61952K, 16% used [0x0000000080c00000,0x00000000815e2308,0x0000000084880000)
 Metaspace       used 20898K, capacity 21104K, committed 21248K, reserved 1069056K
  class space    used 2480K, capacity 2552K, committed 2560K, reserved 1048576K
Event: 21.007 GC heap after
Heap after GC invocations=4 (full 1):
 PSYoungGen      total 38400K, used 5109K [0x00000000d5980000, 0x00000000d8400000, 0x0000000100000000)
  eden space 33280K, 0% used [0x00000000d5980000,0x00000000d5980000,0x00000000d7a00000)
  from space 5120K, 99% used [0x00000000d7a00000,0x00000000d7efd700,0x00000000d7f00000)
  to   space 5120K, 0% used [0x00000000d7f00000,0x00000000d7f00000,0x00000000d8400000)
 ParOldGen       total 61952K, used 12330K [0x0000000080c00000, 0x0000000084880000, 0x00000000d5980000)
  object space 61952K, 19% used [0x0000000080c00000,0x000000008180aa18,0x0000000084880000)
 Metaspace       used 20898K, capacity 21104K, committed 21248K, reserved 1069056K
  class space    used 2480K, capacity 2552K, committed 2560K, reserved 1048576K
}
Event: 21.007 GC heap before
{Heap before GC invocations=5 (full 2):
 PSYoungGen      total 38400K, used 5109K [0x00000000d5980000, 0x00000000d8400000, 0x0000000100000000)
  eden space 33280K, 0% used [0x00000000d5980000,0x00000000d5980000,0x00000000d7a00000)
  from space 5120K, 99% used [0x00000000d7a00000,0x00000000d7efd700,0x00000000d7f00000)
  to   space 5120K, 0% used [0x00000000d7f00000,0x00000000d7f00000,0x00000000d8400000)
 ParOldGen       total 61952K, used 12330K [0x0000000080c00000, 0x0000000084880000, 0x00000000d5980000)
  object space 61952K, 19% used [0x0000000080c00000,0x000000008180aa18,0x0000000084880000)
 Metaspace       used 20898K, capacity 21104K, committed 21248K, reserved 1069056K
  class space    used 2480K, capacity 2552K, committed 2560K, reserved 1048576K
Event: 21.034 GC heap after
Heap after GC invocations=5 (full 2):
 PSYoungGen      total 38400K, used 0K [0x00000000d5980000, 0x00000000d8400000, 0x0000000100000000)
  eden space 33280K, 0% used [0x00000000d5980000,0x00000000d5980000,0x00000000d7a00000)
  from space 5120K, 0% used [0x00000000d7a00000,0x00000000d7a00000,0x00000000d7f00000)
  to   space 5120K, 0% used [0x00000000d7f00000,0x00000000d7f00000,0x00000000d8400000)
 ParOldGen       total 131584K, used 11555K [0x0000000080c00000, 0x0000000088c80000, 0x00000000d5980000)
  object space 131584K, 8% used [0x0000000080c00000,0x0000000081748e80,0x0000000088c80000)
 Metaspace       used 20898K, capacity 21104K, committed 21248K, reserved 1069056K
  class space    used 2480K, capacity 2552K, committed 2560K, reserved 1048576K
}

